#2026 05 08 10:36:24.845#Z#DEBUG#9affe7b6-4ac9-11f1-8e79-eeee0a981393.admin-config-srv#flowable-async-job-executor-thread-6897#
[PollStageAppStatusExecution] a84bf018-d1cf-44ec-a9f8-c7fe009075b9 [2026-05-08T10:35:45.459748] Added process: "web" (STDOUT, API)#
#2026 05 08 10:36:24.845#Z#DEBUG#9affe7b6-4ac9-11f1-8e79-eeee0a981393.admin-config-srv#flowable-async-job-executor-thread-6897#
[PollStageAppStatusExecution] a84bf018-d1cf-44ec-a9f8-c7fe009075b9 [2026-05-08T10:35:45.467182] Created app with guid a84bf018-d1cf-44ec-a9f8-c7fe009075b9 (STDOUT, API)#
#2026 05 08 10:36:24.845#Z#DEBUG#9affe7b6-4ac9-11f1-8e79-eeee0a981393.admin-config-srv#flowable-async-job-executor-thread-6897#
[PollStageAppStatusExecution] a84bf018-d1cf-44ec-a9f8-c7fe009075b9 [2026-05-08T10:35:45.552165] Updating process: "web" (STDOUT, API)#
#2026 05 08 10:36:24.845#Z#DEBUG#9affe7b6-4ac9-11f1-8e79-eeee0a981393.admin-config-srv#flowable-async-job-executor-thread-6897#
[PollStageAppStatusExecution] a84bf018-d1cf-44ec-a9f8-c7fe009075b9 [2026-05-08T10:35:45.609095] Scaling process: "web" (STDOUT, API)#
#2026 05 08 10:36:24.845#Z#DEBUG#9affe7b6-4ac9-11f1-8e79-eeee0a981393.admin-config-srv#flowable-async-job-executor-thread-6897#
[PollStageAppStatusExecution] a84bf018-d1cf-44ec-a9f8-c7fe009075b9 [2026-05-08T10:36:05.263585] Uploading app package for app with guid a84bf018-d1cf-44ec-a9f8-c7fe009075b9 (STDOUT, API)#
#2026 05 08 10:36:24.845#Z#DEBUG#9affe7b6-4ac9-11f1-8e79-eeee0a981393.admin-config-srv#flowable-async-job-executor-thread-6897#
[PollStageAppStatusExecution] a84bf018-d1cf-44ec-a9f8-c7fe009075b9 [2026-05-08T10:36:05.489298] Updated app with guid a84bf018-d1cf-44ec-a9f8-c7fe009075b9 ({"environment_variables"=>"[PRIVATE DATA HIDDEN]"}) (STDOUT, API)#
#2026 05 08 10:36:24.845#Z#DEBUG#9affe7b6-4ac9-11f1-8e79-eeee0a981393.admin-config-srv#flowable-async-job-executor-thread-6897#
[PollStageAppStatusExecution] a84bf018-d1cf-44ec-a9f8-c7fe009075b9 [2026-05-08T10:36:15.023097] Creating build for app with guid a84bf018-d1cf-44ec-a9f8-c7fe009075b9 (STDOUT, API)#
#2026 05 08 10:36:24.845#Z#DEBUG#9affe7b6-4ac9-11f1-8e79-eeee0a981393.admin-config-srv#flowable-async-job-executor-thread-6897#
[PollStageAppStatusExecution] a84bf018-d1cf-44ec-a9f8-c7fe009075b9 [2026-05-08T10:36:15.411144] Downloading nodejs_buildpack... (STDOUT, STG)#
#2026 05 08 10:36:24.845#Z#DEBUG#9affe7b6-4ac9-11f1-8e79-eeee0a981393.admin-config-srv#flowable-async-job-executor-thread-6897#
[PollStageAppStatusExecution] a84bf018-d1cf-44ec-a9f8-c7fe009075b9 [2026-05-08T10:36:15.456249] Downloaded nodejs_buildpack (STDOUT, STG)#
#2026 05 08 10:36:24.845#Z#DEBUG#9affe7b6-4ac9-11f1-8e79-eeee0a981393.admin-config-srv#flowable-async-job-executor-thread-6897#
[PollStageAppStatusExecution] a84bf018-d1cf-44ec-a9f8-c7fe009075b9 [2026-05-08T10:36:15.456335] Cell c839c7b1-088e-41af-b9b7-66256aacd457 creating container for instance 6f73ab9b-7e87-42b1-b7f2-6770a689b985 (STDOUT, STG)#
#2026 05 08 10:36:24.845#Z#DEBUG#9affe7b6-4ac9-11f1-8e79-eeee0a981393.admin-config-srv#flowable-async-job-executor-thread-6897#
[PollStageAppStatusExecution] a84bf018-d1cf-44ec-a9f8-c7fe009075b9 [2026-05-08T10:36:16.291212] Security group rules were updated (STDOUT, STG)#
#2026 05 08 10:36:24.845#Z#DEBUG#9affe7b6-4ac9-11f1-8e79-eeee0a981393.admin-config-srv#flowable-async-job-executor-thread-6897#
[PollStageAppStatusExecution] a84bf018-d1cf-44ec-a9f8-c7fe009075b9 [2026-05-08T10:36:16.398483] Cell c839c7b1-088e-41af-b9b7-66256aacd457 successfully created container for instance 6f73ab9b-7e87-42b1-b7f2-6770a689b985 (STDOUT, STG)#
#2026 05 08 10:36:24.845#Z#DEBUG#9affe7b6-4ac9-11f1-8e79-eeee0a981393.admin-config-srv#flowable-async-job-executor-thread-6897#
[PollStageAppStatusExecution] a84bf018-d1cf-44ec-a9f8-c7fe009075b9 [2026-05-08T10:36:16.773541] Downloading app package... (STDOUT, STG)#
#2026 05 08 10:36:24.845#Z#DEBUG#9affe7b6-4ac9-11f1-8e79-eeee0a981393.admin-config-srv#flowable-async-job-executor-thread-6897#
[PollStageAppStatusExecution] a84bf018-d1cf-44ec-a9f8-c7fe009075b9 [2026-05-08T10:36:17.440644] Downloaded app package (3.7M) (STDOUT, STG)#
#2026 05 08 10:36:24.845#Z#DEBUG#9affe7b6-4ac9-11f1-8e79-eeee0a981393.admin-config-srv#flowable-async-job-executor-thread-6897#
[PollStageAppStatusExecution] a84bf018-d1cf-44ec-a9f8-c7fe009075b9 [2026-05-08T10:36:17.588308] -----> Nodejs Buildpack version 1.8.44 (STDOUT, STG)#
#2026 05 08 10:36:24.845#Z#DEBUG#9affe7b6-4ac9-11f1-8e79-eeee0a981393.admin-config-srv#flowable-async-job-executor-thread-6897#
[PollStageAppStatusExecution] a84bf018-d1cf-44ec-a9f8-c7fe009075b9 [2026-05-08T10:36:17.878190] -----> Bootstrapping python (STDOUT, STG)#
#2026 05 08 10:36:24.845#Z#DEBUG#9affe7b6-4ac9-11f1-8e79-eeee0a981393.admin-config-srv#flowable-async-job-executor-thread-6897#
[PollStageAppStatusExecution] a84bf018-d1cf-44ec-a9f8-c7fe009075b9 [2026-05-08T10:36:17.878227] -----> Installing python 3.11.14 (STDOUT, STG)#
#2026 05 08 10:36:24.845#Z#DEBUG#9affe7b6-4ac9-11f1-8e79-eeee0a981393.admin-config-srv#flowable-async-job-executor-thread-6897#
[PollStageAppStatusExecution] a84bf018-d1cf-44ec-a9f8-c7fe009075b9 [2026-05-08T10:36:17.878344] Copy [/tmp/buildpacks/978cee5ec9c58000/dependencies/b5e0345ae0ae1932e7d56fffaa49a487/python_3.11.14_linux_x64_cflinuxfs4_66f53248.tgz] (STDOUT, STG)#
#2026 05 08 10:36:24.845#Z#DEBUG#9affe7b6-4ac9-11f1-8e79-eeee0a981393.admin-config-srv#flowable-async-job-executor-thread-6897#
[PollStageAppStatusExecution] a84bf018-d1cf-44ec-a9f8-c7fe009075b9 [2026-05-08T10:36:21.940893] -----> Installing binaries (STDOUT, STG)#
#2026 05 08 10:36:24.845#Z#DEBUG#9affe7b6-4ac9-11f1-8e79-eeee0a981393.admin-config-srv#flowable-async-job-executor-thread-6897#
[PollStageAppStatusExecution] a84bf018-d1cf-44ec-a9f8-c7fe009075b9 [2026-05-08T10:36:21.941396] engines.node (package.json): >=20 (STDOUT, STG)#
#2026 05 08 10:36:24.845#Z#DEBUG#9affe7b6-4ac9-11f1-8e79-eeee0a981393.admin-config-srv#flowable-async-job-executor-thread-6897#
[PollStageAppStatusExecution] a84bf018-d1cf-44ec-a9f8-c7fe009075b9 [2026-05-08T10:36:21.941410] engines.npm (package.json): unspecified (use default) (STDOUT, STG)#
#2026 05 08 10:36:24.845#Z#DEBUG#9affe7b6-4ac9-11f1-8e79-eeee0a981393.admin-config-srv#flowable-async-job-executor-thread-6897#
[PollStageAppStatusExecution] a84bf018-d1cf-44ec-a9f8-c7fe009075b9 [2026-05-08T10:36:21.941506] [31;1m**WARNING**[0m Dangerous semver range (>) in engines.node. See: http://docs.cloudfoundry.org/buildpacks/node/node-tips.html (STDOUT, STG)#
#2026 05 08 10:36:24.845#Z#DEBUG#9affe7b6-4ac9-11f1-8e79-eeee0a981393.admin-config-srv#flowable-async-job-executor-thread-6897#
[PollStageAppStatusExecution] a84bf018-d1cf-44ec-a9f8-c7fe009075b9 [2026-05-08T10:36:21.941586] -----> Installing node 24.13.0 (STDOUT, STG)#
#2026 05 08 10:36:24.845#Z#DEBUG#9affe7b6-4ac9-11f1-8e79-eeee0a981393.admin-config-srv#flowable-async-job-executor-thread-6897#
[PollStageAppStatusExecution] a84bf018-d1cf-44ec-a9f8-c7fe009075b9 [2026-05-08T10:36:21.941850] Copy [/tmp/buildpacks/978cee5ec9c58000/dependencies/2f5692219fecc3eee6e6d507a6bfe7b9/node_24.13.0_linux_x64_cflinuxfs4_a816dee1.tgz] (STDOUT, STG)#
#2026 05 08 10:36:35.002#Z#DEBUG#9affe7b6-4ac9-11f1-8e79-eeee0a981393.admin-config-srv#flowable-async-job-executor-thread-5075#
[PollStageAppStatusExecution] a84bf018-d1cf-44ec-a9f8-c7fe009075b9 [2026-05-08T10:36:24.747554] Using default npm version: 11.6.2 (STDOUT, STG)#
#2026 05 08 10:36:35.002#Z#DEBUG#9affe7b6-4ac9-11f1-8e79-eeee0a981393.admin-config-srv#flowable-async-job-executor-thread-5075#
[PollStageAppStatusExecution] a84bf018-d1cf-44ec-a9f8-c7fe009075b9 [2026-05-08T10:36:24.747583] -----> Installing yarn 1.22.22 (STDOUT, STG)#
#2026 05 08 10:36:35.002#Z#DEBUG#9affe7b6-4ac9-11f1-8e79-eeee0a981393.admin-config-srv#flowable-async-job-executor-thread-5075#
[PollStageAppStatusExecution] a84bf018-d1cf-44ec-a9f8-c7fe009075b9 [2026-05-08T10:36:24.747601] Copy [/tmp/buildpacks/978cee5ec9c58000/dependencies/e3a39aedd1236924d69cc2d0637a8ed2/yarn_1.22.22_linux_noarch_any-stack_4911d0a6.tgz] (STDOUT, STG)#
#2026 05 08 10:36:35.002#Z#DEBUG#9affe7b6-4ac9-11f1-8e79-eeee0a981393.admin-config-srv#flowable-async-job-executor-thread-5075#
[PollStageAppStatusExecution] a84bf018-d1cf-44ec-a9f8-c7fe009075b9 [2026-05-08T10:36:25.156090] Installed yarn 1.22.22 (STDOUT, STG)#
#2026 05 08 10:36:35.002#Z#DEBUG#9affe7b6-4ac9-11f1-8e79-eeee0a981393.admin-config-srv#flowable-async-job-executor-thread-5075#
[PollStageAppStatusExecution] a84bf018-d1cf-44ec-a9f8-c7fe009075b9 [2026-05-08T10:36:25.156118] -----> Creating runtime environment (STDOUT, STG)#
#2026 05 08 10:36:35.002#Z#DEBUG#9affe7b6-4ac9-11f1-8e79-eeee0a981393.admin-config-srv#flowable-async-job-executor-thread-5075#
[PollStageAppStatusExecution] a84bf018-d1cf-44ec-a9f8-c7fe009075b9 [2026-05-08T10:36:25.156122] NODE_ENV=production (STDOUT, STG)#
#2026 05 08 10:36:35.002#Z#DEBUG#9affe7b6-4ac9-11f1-8e79-eeee0a981393.admin-config-srv#flowable-async-job-executor-thread-5075#
[PollStageAppStatusExecution] a84bf018-d1cf-44ec-a9f8-c7fe009075b9 [2026-05-08T10:36:25.156126] NODE_HOME=/tmp/contents681178424/deps/0/node (STDOUT, STG)#
#2026 05 08 10:36:35.002#Z#DEBUG#9affe7b6-4ac9-11f1-8e79-eeee0a981393.admin-config-srv#flowable-async-job-executor-thread-5075#
[PollStageAppStatusExecution] a84bf018-d1cf-44ec-a9f8-c7fe009075b9 [2026-05-08T10:36:25.156129] NODE_MODULES_CACHE=true (STDOUT, STG)#
#2026 05 08 10:36:35.002#Z#DEBUG#9affe7b6-4ac9-11f1-8e79-eeee0a981393.admin-config-srv#flowable-async-job-executor-thread-5075#
[PollStageAppStatusExecution] a84bf018-d1cf-44ec-a9f8-c7fe009075b9 [2026-05-08T10:36:25.156131] NODE_VERBOSE=false (STDOUT, STG)#
#2026 05 08 10:36:35.002#Z#DEBUG#9affe7b6-4ac9-11f1-8e79-eeee0a981393.admin-config-srv#flowable-async-job-executor-thread-5075#
[PollStageAppStatusExecution] a84bf018-d1cf-44ec-a9f8-c7fe009075b9 [2026-05-08T10:36:25.156135] NPM_CONFIG_LOGLEVEL=error (STDOUT, STG)#
#2026 05 08 10:36:35.002#Z#DEBUG#9affe7b6-4ac9-11f1-8e79-eeee0a981393.admin-config-srv#flowable-async-job-executor-thread-5075#
[PollStageAppStatusExecution] a84bf018-d1cf-44ec-a9f8-c7fe009075b9 [2026-05-08T10:36:25.156137] NPM_CONFIG_PRODUCTION=true (STDOUT, STG)#
#2026 05 08 10:36:35.002#Z#DEBUG#9affe7b6-4ac9-11f1-8e79-eeee0a981393.admin-config-srv#flowable-async-job-executor-thread-5075#
[PollStageAppStatusExecution] a84bf018-d1cf-44ec-a9f8-c7fe009075b9 [2026-05-08T10:36:25.156139] -----> Building dependencies (STDOUT, STG)#
#2026 05 08 10:36:35.002#Z#DEBUG#9affe7b6-4ac9-11f1-8e79-eeee0a981393.admin-config-srv#flowable-async-job-executor-thread-5075#
[PollStageAppStatusExecution] a84bf018-d1cf-44ec-a9f8-c7fe009075b9 [2026-05-08T10:36:25.156145] Prebuild detected (node_modules already exists) (STDOUT, STG)#
#2026 05 08 10:36:35.003#Z#DEBUG#9affe7b6-4ac9-11f1-8e79-eeee0a981393.admin-config-srv#flowable-async-job-executor-thread-5075#
[PollStageAppStatusExecution] a84bf018-d1cf-44ec-a9f8-c7fe009075b9 [2026-05-08T10:36:25.156147] Rebuilding any native modules (STDOUT, STG)#
#2026 05 08 10:36:35.003#Z#DEBUG#9affe7b6-4ac9-11f1-8e79-eeee0a981393.admin-config-srv#flowable-async-job-executor-thread-5075#
[PollStageAppStatusExecution] a84bf018-d1cf-44ec-a9f8-c7fe009075b9 [2026-05-08T10:36:25.907796] rebuilt dependencies successfully (STDOUT, STG)#
#2026 05 08 10:36:35.003#Z#DEBUG#9affe7b6-4ac9-11f1-8e79-eeee0a981393.admin-config-srv#flowable-async-job-executor-thread-5075#
[PollStageAppStatusExecution] a84bf018-d1cf-44ec-a9f8-c7fe009075b9 [2026-05-08T10:36:25.909803] npm notice (STDOUT, STG)#
#2026 05 08 10:36:35.003#Z#DEBUG#9affe7b6-4ac9-11f1-8e79-eeee0a981393.admin-config-srv#flowable-async-job-executor-thread-5075#
[PollStageAppStatusExecution] a84bf018-d1cf-44ec-a9f8-c7fe009075b9 [2026-05-08T10:36:25.909830] npm notice New minor version of npm available! 11.6.2 -> 11.14.0 (STDOUT, STG)#
#2026 05 08 10:36:35.003#Z#DEBUG#9affe7b6-4ac9-11f1-8e79-eeee0a981393.admin-config-srv#flowable-async-job-executor-thread-5075#
[PollStageAppStatusExecution] a84bf018-d1cf-44ec-a9f8-c7fe009075b9 [2026-05-08T10:36:25.909837] npm notice Changelog: https://github.com/npm/cli/releases/tag/v11.14.0 (STDOUT, STG)#
#2026 05 08 10:36:35.003#Z#DEBUG#9affe7b6-4ac9-11f1-8e79-eeee0a981393.admin-config-srv#flowable-async-job-executor-thread-5075#
[PollStageAppStatusExecution] a84bf018-d1cf-44ec-a9f8-c7fe009075b9 [2026-05-08T10:36:25.909839] npm notice To update run: npm install -g npm@11.14.0 (STDOUT, STG)#
#2026 05 08 10:36:35.003#Z#DEBUG#9affe7b6-4ac9-11f1-8e79-eeee0a981393.admin-config-srv#flowable-async-job-executor-thread-5075#
[PollStageAppStatusExecution] a84bf018-d1cf-44ec-a9f8-c7fe009075b9 [2026-05-08T10:36:25.909842] npm notice (STDOUT, STG)#
#2026 05 08 10:36:35.003#Z#DEBUG#9affe7b6-4ac9-11f1-8e79-eeee0a981393.admin-config-srv#flowable-async-job-executor-thread-5075#
[PollStageAppStatusExecution] a84bf018-d1cf-44ec-a9f8-c7fe009075b9 [2026-05-08T10:36:25.989175] Installing any new modules (package.json + package-lock.json) (STDOUT, STG)#
#2026 05 08 10:36:35.003#Z#DEBUG#9affe7b6-4ac9-11f1-8e79-eeee0a981393.admin-config-srv#flowable-async-job-executor-thread-5075#
[PollStageAppStatusExecution] a84bf018-d1cf-44ec-a9f8-c7fe009075b9 [2026-05-08T10:36:26.886694] up to date in 799ms (STDOUT, STG)#
#2026 05 08 10:36:35.003#Z#DEBUG#9affe7b6-4ac9-11f1-8e79-eeee0a981393.admin-config-srv#flowable-async-job-executor-thread-5075#
[PollStageAppStatusExecution] a84bf018-d1cf-44ec-a9f8-c7fe009075b9 [2026-05-08T10:36:26.886888] 25 packages are looking for funding (STDOUT, STG)#
#2026 05 08 10:36:35.003#Z#DEBUG#9affe7b6-4ac9-11f1-8e79-eeee0a981393.admin-config-srv#flowable-async-job-executor-thread-5075#
[PollStageAppStatusExecution] a84bf018-d1cf-44ec-a9f8-c7fe009075b9 [2026-05-08T10:36:26.886964] run `npm fund` for details (STDOUT, STG)#
#2026 05 08 10:36:35.003#Z#DEBUG#9affe7b6-4ac9-11f1-8e79-eeee0a981393.admin-config-srv#flowable-async-job-executor-thread-5075#
[PollStageAppStatusExecution] a84bf018-d1cf-44ec-a9f8-c7fe009075b9 [2026-05-08T10:36:27.683560] Contrast Security no credentials found. Will not write environment files. (STDOUT, STG)#
#2026 05 08 10:36:45.092#Z#DEBUG#9affe7b6-4ac9-11f1-8e79-eeee0a981393.admin-config-srv#flowable-async-job-executor-thread-5081#
[PollStageAppStatusExecution] a84bf018-d1cf-44ec-a9f8-c7fe009075b9 [2026-05-08T10:36:37.833785] Exit status 0 (STDOUT, STG)#
#2026 05 08 10:36:45.092#Z#DEBUG#9affe7b6-4ac9-11f1-8e79-eeee0a981393.admin-config-srv#flowable-async-job-executor-thread-5081#
[PollStageAppStatusExecution] a84bf018-d1cf-44ec-a9f8-c7fe009075b9 [2026-05-08T10:36:37.833843] Uploading droplet, build artifacts cache... (STDOUT, STG)#
#2026 05 08 10:36:45.092#Z#DEBUG#9affe7b6-4ac9-11f1-8e79-eeee0a981393.admin-config-srv#flowable-async-job-executor-thread-5081#
[PollStageAppStatusExecution] a84bf018-d1cf-44ec-a9f8-c7fe009075b9 [2026-05-08T10:36:37.833881] Uploading droplet... (STDOUT, STG)#
#2026 05 08 10:36:45.092#Z#DEBUG#9affe7b6-4ac9-11f1-8e79-eeee0a981393.admin-config-srv#flowable-async-job-executor-thread-5081#
[PollStageAppStatusExecution] a84bf018-d1cf-44ec-a9f8-c7fe009075b9 [2026-05-08T10:36:37.833904] Uploading build artifacts cache... (STDOUT, STG)#
#2026 05 08 10:36:45.092#Z#DEBUG#9affe7b6-4ac9-11f1-8e79-eeee0a981393.admin-config-srv#flowable-async-job-executor-thread-5081#
[PollStageAppStatusExecution] a84bf018-d1cf-44ec-a9f8-c7fe009075b9 [2026-05-08T10:36:37.857470] Uploaded build artifacts cache (224B) (STDOUT, STG)#
#2026 05 08 10:36:45.092#Z#DEBUG#9affe7b6-4ac9-11f1-8e79-eeee0a981393.admin-config-srv#flowable-async-job-executor-thread-5081#
[PollStageAppStatusExecution] a84bf018-d1cf-44ec-a9f8-c7fe009075b9 [2026-05-08T10:36:38.548436] Creating droplet for app with guid a84bf018-d1cf-44ec-a9f8-c7fe009075b9 (STDOUT, API)#
#2026 05 08 10:36:45.092#Z#DEBUG#9affe7b6-4ac9-11f1-8e79-eeee0a981393.admin-config-srv#flowable-async-job-executor-thread-5081#
[PollStageAppStatusExecution] a84bf018-d1cf-44ec-a9f8-c7fe009075b9 [2026-05-08T10:36:44.247339] Uploaded droplet (59.4M) (STDOUT, STG)#
#2026 05 08 10:36:45.092#Z#DEBUG#9affe7b6-4ac9-11f1-8e79-eeee0a981393.admin-config-srv#flowable-async-job-executor-thread-5081#
[PollStageAppStatusExecution] a84bf018-d1cf-44ec-a9f8-c7fe009075b9 [2026-05-08T10:36:44.291125] Uploading complete (STDOUT, STG)#
#2026 05 08 10:36:55.116#Z#DEBUG#9affe7b6-4ac9-11f1-8e79-eeee0a981393.admin-config-srv#flowable-async-job-executor-thread-6917#
[PollStageAppStatusExecution] a84bf018-d1cf-44ec-a9f8-c7fe009075b9 [2026-05-08T10:36:45.504240] Cell c839c7b1-088e-41af-b9b7-66256aacd457 stopping instance 6f73ab9b-7e87-42b1-b7f2-6770a689b985 (STDOUT, STG)#
#2026 05 08 10:36:55.116#Z#DEBUG#9affe7b6-4ac9-11f1-8e79-eeee0a981393.admin-config-srv#flowable-async-job-executor-thread-6917#
[PollStageAppStatusExecution] a84bf018-d1cf-44ec-a9f8-c7fe009075b9 [2026-05-08T10:36:45.504272] Cell c839c7b1-088e-41af-b9b7-66256aacd457 destroying container for instance 6f73ab9b-7e87-42b1-b7f2-6770a689b985 (STDOUT, STG)#
#2026 05 08 10:36:55.116#Z#DEBUG#9affe7b6-4ac9-11f1-8e79-eeee0a981393.admin-config-srv#flowable-async-job-executor-thread-6917#
[PollStageAppStatusExecution] a84bf018-d1cf-44ec-a9f8-c7fe009075b9 [2026-05-08T10:36:45.557572] Staging complete for build 6f73ab9b-7e87-42b1-b7f2-6770a689b985 (STDOUT, API)#
#2026 05 08 10:36:55.116#Z#DEBUG#9affe7b6-4ac9-11f1-8e79-eeee0a981393.admin-config-srv#flowable-async-job-executor-thread-6917#
[PollStageAppStatusExecution] a84bf018-d1cf-44ec-a9f8-c7fe009075b9 [2026-05-08T10:36:48.439] Cell c839c7b1-088e-41af-b9b7-66256aacd457 successfully destroyed container for instance 6f73ab9b-7e87-42b1-b7f2-6770a689b985 (STDOUT, STG)#
#2026 05 08 10:37:05.239#Z#DEBUG#9affe7b6-4ac9-11f1-8e79-eeee0a981393.admin-config-srv#flowable-async-job-executor-thread-6928#
[PollStartAppStatusExecution] a84bf018-d1cf-44ec-a9f8-c7fe009075b9 [2026-05-08T10:36:55.188506] Updated app with guid a84bf018-d1cf-44ec-a9f8-c7fe009075b9 ({:droplet_guid=>"48f5cdee-f3f2-4952-9f4d-4c3ccdf466a7"}) (STDOUT, API)#
#2026 05 08 10:37:05.239#Z#DEBUG#9affe7b6-4ac9-11f1-8e79-eeee0a981393.admin-config-srv#flowable-async-job-executor-thread-6928#
[PollStartAppStatusExecution] a84bf018-d1cf-44ec-a9f8-c7fe009075b9 [2026-05-08T10:36:55.378146] Creating revision for app with guid a84bf018-d1cf-44ec-a9f8-c7fe009075b9 (STDOUT, API)#
#2026 05 08 10:37:05.239#Z#DEBUG#9affe7b6-4ac9-11f1-8e79-eeee0a981393.admin-config-srv#flowable-async-job-executor-thread-6928#
[PollStartAppStatusExecution] a84bf018-d1cf-44ec-a9f8-c7fe009075b9 [2026-05-08T10:36:55.426664] Starting app with guid a84bf018-d1cf-44ec-a9f8-c7fe009075b9 (STDOUT, API)#
#2026 05 08 10:37:05.239#Z#DEBUG#9affe7b6-4ac9-11f1-8e79-eeee0a981393.admin-config-srv#flowable-async-job-executor-thread-6928#
[PollStartAppStatusExecution] a84bf018-d1cf-44ec-a9f8-c7fe009075b9 [2026-05-08T10:36:55.656944] Cell 77283d80-dfa7-40ba-ba4e-265aef112085 creating container for instance b1241760-d819-4f4b-697b-697a (STDOUT, CELL)#
#2026 05 08 10:37:05.239#Z#DEBUG#9affe7b6-4ac9-11f1-8e79-eeee0a981393.admin-config-srv#flowable-async-job-executor-thread-6928#
[PollStartAppStatusExecution] a84bf018-d1cf-44ec-a9f8-c7fe009075b9 [2026-05-08T10:36:56.033098] Security group rules were updated (STDOUT, CELL)#
#2026 05 08 10:37:05.239#Z#DEBUG#9affe7b6-4ac9-11f1-8e79-eeee0a981393.admin-config-srv#flowable-async-job-executor-thread-6928#
[PollStartAppStatusExecution] a84bf018-d1cf-44ec-a9f8-c7fe009075b9 [2026-05-08T10:36:56.085237] Cell 77283d80-dfa7-40ba-ba4e-265aef112085 successfully created container for instance b1241760-d819-4f4b-697b-697a (STDOUT, CELL)#
#2026 05 08 10:37:05.239#Z#DEBUG#9affe7b6-4ac9-11f1-8e79-eeee0a981393.admin-config-srv#flowable-async-job-executor-thread-6928#
[PollStartAppStatusExecution] a84bf018-d1cf-44ec-a9f8-c7fe009075b9 [2026-05-08T10:36:56.715991] Downloading droplet... (STDOUT, CELL)#
#2026 05 08 10:37:05.239#Z#DEBUG#9affe7b6-4ac9-11f1-8e79-eeee0a981393.admin-config-srv#flowable-async-job-executor-thread-6928#
[PollStartAppStatusExecution] a84bf018-d1cf-44ec-a9f8-c7fe009075b9 [2026-05-08T10:36:59.501290] Downloaded droplet (59.4M) (STDOUT, CELL)#
#2026 05 08 10:37:05.239#Z#DEBUG#9affe7b6-4ac9-11f1-8e79-eeee0a981393.admin-config-srv#flowable-async-job-executor-thread-6928#
[PollStartAppStatusExecution] a84bf018-d1cf-44ec-a9f8-c7fe009075b9 [2026-05-08T10:36:59.501402] Starting health monitoring of container (STDOUT, CELL)#
#2026 05 08 10:37:05.239#Z#DEBUG#9affe7b6-4ac9-11f1-8e79-eeee0a981393.admin-config-srv#flowable-async-job-executor-thread-6928#
[PollStartAppStatusExecution] a84bf018-d1cf-44ec-a9f8-c7fe009075b9 [2026-05-08T10:36:59.564529] Invoking pre-start scripts. (STDOUT, APP/PROC/WEB)#
#2026 05 08 10:37:05.239#Z#DEBUG#9affe7b6-4ac9-11f1-8e79-eeee0a981393.admin-config-srv#flowable-async-job-executor-thread-6928#
[PollStartAppStatusExecution] a84bf018-d1cf-44ec-a9f8-c7fe009075b9 [2026-05-08T10:36:59.711003] Invoking start command. (STDOUT, APP/PROC/WEB)#
#2026 05 08 10:37:05.239#Z#DEBUG#9affe7b6-4ac9-11f1-8e79-eeee0a981393.admin-config-srv#flowable-async-job-executor-thread-6928#
[PollStartAppStatusExecution] a84bf018-d1cf-44ec-a9f8-c7fe009075b9 [2026-05-08T10:37:00.031403] > admin-config@1.0.0 start (STDOUT, APP/PROC/WEB)#
#2026 05 08 10:37:05.239#Z#DEBUG#9affe7b6-4ac9-11f1-8e79-eeee0a981393.admin-config-srv#flowable-async-job-executor-thread-6928#
[PollStartAppStatusExecution] a84bf018-d1cf-44ec-a9f8-c7fe009075b9 [2026-05-08T10:37:00.031426] > cds-serve (STDOUT, APP/PROC/WEB)#
#2026 05 08 10:37:05.239#Z#DEBUG#9affe7b6-4ac9-11f1-8e79-eeee0a981393.admin-config-srv#flowable-async-job-executor-thread-6928#
[PollStartAppStatusExecution] a84bf018-d1cf-44ec-a9f8-c7fe009075b9 [2026-05-08T10:37:00.219817] {"level":"info","logger":"cds","timestamp":"2026-05-08T10:37:00.218Z","layer":"cds","component_type":"application","container_id":"10.32.3.6","component_id":"a84bf018-d1cf-44ec-a9f8-c7fe009075b9","component_name":"admin-config-srv","component_instance":0,"source_instance":0,"organization_name":"c1dfc233trial","organization_id":"5f31539f-0c30-4765-9739-82ae068cc812","space_name":"dev","space_id":"84b81eb3-c0d2-4bf8-8b5f-1159913b1092","msg":"loaded model from 1 file(s):\n ","type":"log"} (STDOUT, APP/PROC/WEB)#
#2026 05 08 10:37:05.239#Z#DEBUG#9affe7b6-4ac9-11f1-8e79-eeee0a981393.admin-config-srv#flowable-async-job-executor-thread-6928#
[PollStartAppStatusExecution] a84bf018-d1cf-44ec-a9f8-c7fe009075b9 [2026-05-08T10:37:00.220140] srv/csn.json (STDOUT, APP/PROC/WEB)#
#2026 05 08 10:37:05.239#Z#DEBUG#9affe7b6-4ac9-11f1-8e79-eeee0a981393.admin-config-srv#flowable-async-job-executor-thread-6928#
[PollStartAppStatusExecution] a84bf018-d1cf-44ec-a9f8-c7fe009075b9 [2026-05-08T10:37:00.372227] {"level":"info","logger":"cds","timestamp":"2026-05-08T10:37:00.371Z","layer":"cds","component_type":"application","container_id":"10.32.3.6","component_id":"a84bf018-d1cf-44ec-a9f8-c7fe009075b9","component_name":"admin-config-srv","component_instance":0,"source_instance":0,"organization_name":"c1dfc233trial","organization_id":"5f31539f-0c30-4765-9739-82ae068cc812","space_name":"dev","space_id":"84b81eb3-c0d2-4bf8-8b5f-1159913b1092","msg":"connect to db > hana {\n  database_id: '5c92ab5c-1d23-4330-bbf5-1e820df1e0fd',\n  host: '5c92ab5c-1d23-4330-bbf5-1e820df1e0fd.hna1.prod-us10.hanacloud.ondemand.com',\n  port: '443',\n  driver: 'com.sap.db.jdbc.Driver',\n  url: 'jdbc:sap://5c92ab5c-1d23-4330-bbf5-1e820df1e0fd.hna1.prod-us10.hanacloud.ondemand.com:443?encrypt=true&validateCertificate=true&currentschema=ADMIN_CONFIG_HDI_ADMIN_CONFIG_DB_DEPLOYER_1',\n  schema: 'ADMIN_CONFIG_HDI_ADMIN_CONFIG_DB_DEPLOYER_1',\n  certificate: '...',\n  hdi_user: 'ADMIN_CONFIG_HDI_ADMIN_CONFIG_DB_DEPLOYER_1_4EHZ7GCIAOM25HUYS27C9G2MY_DT',\n  hdi_password: '...',\n  user: 'ADMIN_CONFIG_HDI_ADMIN_CONFIG_DB_DEPLOYER_1_4EHZ7GCIAOM25HUYS27C9G2MY_RT',\n  password: '...'\n}","type":"log"} (STDOUT, APP/PROC/WEB)#
#2026 05 08 10:37:05.239#Z#DEBUG#9affe7b6-4ac9-11f1-8e79-eeee0a981393.admin-config-srv#flowable-async-job-executor-thread-6928#
[PollStartAppStatusExecution] a84bf018-d1cf-44ec-a9f8-c7fe009075b9 [2026-05-08T10:37:00.397711] {"level":"info","logger":"cds","timestamp":"2026-05-08T10:37:00.397Z","layer":"cds","component_type":"application","container_id":"10.32.3.6","component_id":"a84bf018-d1cf-44ec-a9f8-c7fe009075b9","component_name":"admin-config-srv","component_instance":0,"source_instance":0,"organization_name":"c1dfc233trial","organization_id":"5f31539f-0c30-4765-9739-82ae068cc812","space_name":"dev","space_id":"84b81eb3-c0d2-4bf8-8b5f-1159913b1092","msg":"using auth strategy { kind: 'xsuaa' }","type":"log"} (STDOUT, APP/PROC/WEB)#
#2026 05 08 10:37:05.239#Z#DEBUG#9affe7b6-4ac9-11f1-8e79-eeee0a981393.admin-config-srv#flowable-async-job-executor-thread-6928#
[PollStartAppStatusExecution] a84bf018-d1cf-44ec-a9f8-c7fe009075b9 [2026-05-08T10:37:00.440774] {"level":"info","logger":"cds","timestamp":"2026-05-08T10:37:00.440Z","layer":"cds","component_type":"application","container_id":"10.32.3.6","component_id":"a84bf018-d1cf-44ec-a9f8-c7fe009075b9","component_name":"admin-config-srv","component_instance":0,"source_instance":0,"organization_name":"c1dfc233trial","organization_id":"5f31539f-0c30-4765-9739-82ae068cc812","space_name":"dev","space_id":"84b81eb3-c0d2-4bf8-8b5f-1159913b1092","msg":"serving AdminService {\n  at: [ '/odata/v4/admin' ],\n  decl: 'srv/csn.json:52',\n  impl: 'srv/admin-service.js'\n}","type":"log"} (STDOUT, APP/PROC/WEB)#
#2026 05 08 10:37:05.239#Z#DEBUG#9affe7b6-4ac9-11f1-8e79-eeee0a981393.admin-config-srv#flowable-async-job-executor-thread-6928#
[PollStartAppStatusExecution] a84bf018-d1cf-44ec-a9f8-c7fe009075b9 [2026-05-08T10:37:00.445267] {"level":"info","logger":"cds","timestamp":"2026-05-08T10:37:00.445Z","layer":"cds","component_type":"application","container_id":"10.32.3.6","component_id":"a84bf018-d1cf-44ec-a9f8-c7fe009075b9","component_name":"admin-config-srv","component_instance":0,"source_instance":0,"organization_name":"c1dfc233trial","organization_id":"5f31539f-0c30-4765-9739-82ae068cc812","space_name":"dev","space_id":"84b81eb3-c0d2-4bf8-8b5f-1159913b1092","msg":"server listening on { url: 'http://localhost:8080' }","type":"log"} (STDOUT, APP/PROC/WEB)#
#2026 05 08 10:37:05.239#Z#DEBUG#9affe7b6-4ac9-11f1-8e79-eeee0a981393.admin-config-srv#flowable-async-job-executor-thread-6928#
[PollStartAppStatusExecution] a84bf018-d1cf-44ec-a9f8-c7fe009075b9 [2026-05-08T10:37:00.446172] {"level":"info","logger":"cds","timestamp":"2026-05-08T10:37:00.446Z","layer":"cds","component_type":"application","container_id":"10.32.3.6","component_id":"a84bf018-d1cf-44ec-a9f8-c7fe009075b9","component_name":"admin-config-srv","component_instance":0,"source_instance":0,"organization_name":"c1dfc233trial","organization_id":"5f31539f-0c30-4765-9739-82ae068cc812","space_name":"dev","space_id":"84b81eb3-c0d2-4bf8-8b5f-1159913b1092","msg":"server v9.9.1 launched in 405 ms","type":"log"} (STDOUT, APP/PROC/WEB)#
#2026 05 08 10:37:05.239#Z#DEBUG#9affe7b6-4ac9-11f1-8e79-eeee0a981393.admin-config-srv#flowable-async-job-executor-thread-6928#
[PollStartAppStatusExecution] a84bf018-d1cf-44ec-a9f8-c7fe009075b9 [2026-05-08T10:37:02.067368] Container became healthy (STDOUT, CELL)#
#2026 05 08 10:37:05.239#Z#DEBUG#9affe7b6-4ac9-11f1-8e79-eeee0a981393.admin-config-srv#flowable-async-job-executor-thread-6928#
[PollStartAppStatusExecution] a84bf018-d1cf-44ec-a9f8-c7fe009075b9 [2026-05-08T10:37:02.093300] Process became ready with guid a84bf018-d1cf-44ec-a9f8-c7fe009075b9 payload: {"instance"=>"b1241760-d819-4f4b-697b-697a", "index"=>0, "cell_id"=>"77283d80-dfa7-40ba-ba4e-265aef112085", "ready"=>true, "version"=>"e0175ed5-632b-40b5-a613-5ce94539deb7"} (STDOUT, API)#
